TN:
SF:Services\locationValue.service.js
FN:3,createLocationValue
FN:14,getLocationValue
FN:25,updateLocationValue
FN:36,deleteLocationValue
FNF:4
FNH:4
FNDA:1,createLocationValue
FNDA:3,getLocationValue
FNDA:2,updateLocationValue
FNDA:2,deleteLocationValue
DA:1,1
DA:2,1
DA:3,1
DA:4,1
DA:5,1
DA:6,1
DA:7,1
DA:8,0
DA:9,0
DA:10,0
DA:11,0
DA:12,0
DA:13,1
DA:14,3
DA:15,3
DA:16,3
DA:17,3
DA:18,3
DA:19,3
DA:20,0
DA:21,0
DA:22,0
DA:23,0
DA:24,1
DA:25,2
DA:26,2
DA:27,2
DA:28,2
DA:29,2
DA:30,2
DA:31,0
DA:32,0
DA:33,0
DA:34,0
DA:35,1
DA:36,2
DA:37,2
DA:38,2
DA:39,2
DA:40,1
DA:41,1
DA:42,1
DA:43,1
DA:44,2
DA:45,0
DA:46,0
DA:47,0
DA:48,0
DA:49,1
DA:50,1
DA:51,1
DA:52,1
DA:53,1
DA:54,1
DA:55,1
LF:55
LH:38
BRDA:3,0,0,1
BRDA:7,1,0,0
BRDA:14,2,0,3
BRDA:19,3,0,0
BRDA:25,4,0,2
BRDA:30,5,0,0
BRDA:36,6,0,2
BRDA:39,7,0,1
BRDA:44,8,0,0
BRF:9
BRH:5
end_of_record
TN:
SF:db\schemas\LocationValue.js
FNF:0
FNH:0
DA:1,1
DA:2,1
DA:3,1
DA:4,1
DA:5,1
DA:6,1
DA:7,1
DA:8,1
DA:9,1
DA:10,1
DA:11,1
DA:12,1
DA:13,1
DA:14,1
DA:15,1
DA:16,1
LF:16
LH:16
BRF:0
BRH:0
end_of_record
