TN:
SF:Services\userParking.service.js
FN:4,createUserParking
FN:15,getUserParking
FN:26,updateUserParking
FN:37,deleteUserParking
FNF:4
FNH:4
FNDA:3,createUserParking
FNDA:3,getUserParking
FNDA:2,updateUserParking
FNDA:2,deleteUserParking
DA:1,1
DA:2,1
DA:3,1
DA:4,3
DA:5,3
DA:6,3
DA:7,3
DA:8,3
DA:9,2
DA:10,2
DA:11,2
DA:12,2
DA:13,2
DA:14,1
DA:15,3
DA:16,3
DA:17,3
DA:18,3
DA:19,3
DA:20,3
DA:21,0
DA:22,0
DA:23,0
DA:24,0
DA:25,1
DA:26,2
DA:27,2
DA:28,2
DA:29,2
DA:30,2
DA:31,2
DA:32,0
DA:33,0
DA:34,0
DA:35,0
DA:36,1
DA:37,2
DA:38,2
DA:39,2
DA:40,2
DA:41,1
DA:42,1
DA:43,1
DA:44,1
DA:45,2
DA:46,0
DA:47,0
DA:48,0
DA:49,0
DA:50,1
DA:51,1
DA:52,1
DA:53,1
DA:54,1
DA:55,1
DA:56,1
LF:56
LH:44
BRDA:4,0,0,3
BRDA:8,1,0,2
BRDA:15,2,0,3
BRDA:20,3,0,0
BRDA:26,4,0,2
BRDA:31,5,0,0
BRDA:37,6,0,2
BRDA:40,7,0,1
BRDA:45,8,0,0
BRF:9
BRH:6
end_of_record
TN:
SF:db\schemas\UserParking.js
FNF:0
FNH:0
DA:1,1
DA:2,1
DA:3,1
DA:4,1
DA:5,1
DA:6,1
DA:7,1
DA:8,1
DA:9,1
DA:10,1
DA:11,1
DA:12,1
DA:13,1
DA:14,1
DA:15,1
DA:16,1
DA:17,1
DA:18,1
DA:19,1
DA:20,1
DA:21,1
DA:22,1
DA:23,1
DA:24,1
DA:25,1
DA:26,1
DA:27,1
DA:28,1
DA:29,1
LF:29
LH:29
BRF:0
BRH:0
end_of_record
